# JRE version: Java(TM) SE Runtime Environment (12.0.2+10) (build 12.0.2+10)
# Java VM: Java HotSpot(TM) 64-Bit Server VM (12.0.2+10, mixed mode, sharing, tiered, compressed oops, g1 gc, bsd-amd64)
Heap:
 garbage-first heap   total 137216K, used 93969K [0x0000000780000000, 0x0000000800000000)
  region size 1024K, 21 young (21504K), 5 survivors (5120K)
 Metaspace       used 7922K, capacity 8997K, committed 9344K, reserved 1058816K
  class space    used 668K, capacity 821K, committed 896K, reserved 1048576K
GC Heap History (10 events):
Event: 202.629 GC heap before
{Heap before GC invocations=17 (full 0):
 garbage-first heap   total 133120K, used 110849K [0x0000000780000000, 0x0000000800000000)
  region size 1024K, 50 young (51200K), 6 survivors (6144K)
 Metaspace       used 7919K, capacity 8997K, committed 9344K, reserved 1058816K
  class space    used 668K, capacity 821K, committed 896K, reserved 1048576K
}
Event: 202.635 GC heap after
{Heap after GC invocations=18 (full 0):
 garbage-first heap   total 133120K, used 68789K [0x0000000780000000, 0x0000000800000000)
  region size 1024K, 6 young (6144K), 6 survivors (6144K)
 Metaspace       used 7919K, capacity 8997K, committed 9344K, reserved 1058816K
  class space    used 668K, capacity 821K, committed 896K, reserved 1048576K
}
Event: 209.663 GC heap before
{Heap before GC invocations=19 (full 0):
 garbage-first heap   total 133120K, used 109749K [0x0000000780000000, 0x0000000800000000)
  region size 1024K, 47 young (48128K), 6 survivors (6144K)
 Metaspace       used 7919K, capacity 8997K, committed 9344K, reserved 1058816K
  class space    used 668K, capacity 821K, committed 896K, reserved 1048576K
}
Event: 209.669 GC heap after
{Heap after GC invocations=20 (full 0):
 garbage-first heap   total 133120K, used 71788K [0x0000000780000000, 0x0000000800000000)
  region size 1024K, 6 young (6144K), 6 survivors (6144K)
 Metaspace       used 7919K, capacity 8997K, committed 9344K, reserved 1058816K
  class space    used 668K, capacity 821K, committed 896K, reserved 1048576K
}
Event: 216.362 GC heap before
{Heap before GC invocations=20 (full 0):
 garbage-first heap   total 133120K, used 111724K [0x0000000780000000, 0x0000000800000000)
  region size 1024K, 45 young (46080K), 6 survivors (6144K)
 Metaspace       used 7919K, capacity 8997K, committed 9344K, reserved 1058816K
  class space    used 668K, capacity 821K, committed 896K, reserved 1048576K
}
Event: 216.367 GC heap after
{Heap after GC invocations=21 (full 0):
 garbage-first heap   total 133120K, used 74246K [0x0000000780000000, 0x0000000800000000)
  region size 1024K, 6 young (6144K), 6 survivors (6144K)
 Metaspace       used 7919K, capacity 8997K, committed 9344K, reserved 1058816K
  class space    used 668K, capacity 821K, committed 896K, reserved 1048576K
}
Event: 222.645 GC heap before
{Heap before GC invocations=22 (full 0):
 garbage-first heap   total 133120K, used 111110K [0x0000000780000000, 0x0000000800000000)
  region size 1024K, 42 young (43008K), 6 survivors (6144K)
 Metaspace       used 7919K, capacity 8997K, committed 9344K, reserved 1058816K
  class space    used 668K, capacity 821K, committed 896K, reserved 1048576K
}
Event: 222.652 GC heap after
{Heap after GC invocations=23 (full 0):
 garbage-first heap   total 133120K, used 76262K [0x0000000780000000, 0x0000000800000000)
  region size 1024K, 5 young (5120K), 5 survivors (5120K)
 Metaspace       used 7919K, capacity 8997K, committed 9344K, reserved 1058816K
  class space    used 668K, capacity 821K, committed 896K, reserved 1048576K
}
Event: 228.943 GC heap before
{Heap before GC invocations=23 (full 0):
 garbage-first heap   total 133120K, used 112102K [0x0000000780000000, 0x0000000800000000)
  region size 1024K, 40 young (40960K), 5 survivors (5120K)
 Metaspace       used 7919K, capacity 8997K, committed 9344K, reserved 1058816K
  class space    used 668K, capacity 821K, committed 896K, reserved 1048576K
}
Event: 228.961 GC heap after
{Heap after GC invocations=24 (full 0):
 garbage-first heap   total 133120K, used 78609K [0x0000000780000000, 0x0000000800000000)
  region size 1024K, 5 young (5120K), 5 survivors (5120K)
 Metaspace       used 7919K, capacity 8997K, committed 9344K, reserved 1058816K
  class space    used 668K, capacity 821K, committed 896K, reserved 1048576K
}

